<?xml version="1.0" encoding="UTF-8"?>
<testsuite xmlns:xsi="http://www.w3.org/2001/XMLSchema-instance" xsi:noNamespaceSchemaLocation="https://maven.apache.org/surefire/maven-surefire-plugin/xsd/surefire-test-report.xsd" name="com.mobiquity.codingevents.controllers.EventControllerTest" time="0.386" tests="8" errors="1" skipped="0" failures="1">
  <properties>
    <property name="gopherProxySet" value="false"/>
    <property name="awt.toolkit" value="sun.lwawt.macosx.LWCToolkit"/>
    <property name="java.specification.version" value="11"/>
    <property name="sun.cpu.isalist" value=""/>
    <property name="sun.jnu.encoding" value="UTF-8"/>
    <property name="java.class.path" value="/Users/ialtoubah/Documents/coding-events/target/test-classes:/Users/ialtoubah/Documents/coding-events/target/classes:/Users/ialtoubah/.m2/repository/org/springframework/boot/spring-boot-starter-thymeleaf/2.2.6.RELEASE/spring-boot-starter-thymeleaf-2.2.6.RELEASE.jar:/Users/ialtoubah/.m2/repository/org/springframework/boot/spring-boot-starter/2.2.6.RELEASE/spring-boot-starter-2.2.6.RELEASE.jar:/Users/ialtoubah/.m2/repository/org/springframework/boot/spring-boot-starter-logging/2.2.6.RELEASE/spring-boot-starter-logging-2.2.6.RELEASE.jar:/Users/ialtoubah/.m2/repository/ch/qos/logback/logback-classic/1.2.3/logback-classic-1.2.3.jar:/Users/ialtoubah/.m2/repository/ch/qos/logback/logback-core/1.2.3/logback-core-1.2.3.jar:/Users/ialtoubah/.m2/repository/org/apache/logging/log4j/log4j-to-slf4j/2.12.1/log4j-to-slf4j-2.12.1.jar:/Users/ialtoubah/.m2/repository/org/apache/logging/log4j/log4j-api/2.12.1/log4j-api-2.12.1.jar:/Users/ialtoubah/.m2/repository/org/slf4j/jul-to-slf4j/1.7.30/jul-to-slf4j-1.7.30.jar:/Users/ialtoubah/.m2/repository/jakarta/annotation/jakarta.annotation-api/1.3.5/jakarta.annotation-api-1.3.5.jar:/Users/ialtoubah/.m2/repository/org/yaml/snakeyaml/1.25/snakeyaml-1.25.jar:/Users/ialtoubah/.m2/repository/org/thymeleaf/thymeleaf-spring5/3.0.11.RELEASE/thymeleaf-spring5-3.0.11.RELEASE.jar:/Users/ialtoubah/.m2/repository/org/thymeleaf/thymeleaf/3.0.11.RELEASE/thymeleaf-3.0.11.RELEASE.jar:/Users/ialtoubah/.m2/repository/org/attoparser/attoparser/2.0.5.RELEASE/attoparser-2.0.5.RELEASE.jar:/Users/ialtoubah/.m2/repository/org/unbescape/unbescape/1.1.6.RELEASE/unbescape-1.1.6.RELEASE.jar:/Users/ialtoubah/.m2/repository/org/slf4j/slf4j-api/1.7.30/slf4j-api-1.7.30.jar:/Users/ialtoubah/.m2/repository/org/thymeleaf/extras/thymeleaf-extras-java8time/3.0.4.RELEASE/thymeleaf-extras-java8time-3.0.4.RELEASE.jar:/Users/ialtoubah/.m2/repository/org/springframework/boot/spring-boot-starter-web/2.2.6.RELEASE/spring-boot-starter-web-2.2.6.RELEASE.jar:/Users/ialtoubah/.m2/repository/org/springframework/boot/spring-boot-starter-json/2.2.6.RELEASE/spring-boot-starter-json-2.2.6.RELEASE.jar:/Users/ialtoubah/.m2/repository/com/fasterxml/jackson/core/jackson-databind/2.10.3/jackson-databind-2.10.3.jar:/Users/ialtoubah/.m2/repository/com/fasterxml/jackson/core/jackson-annotations/2.10.3/jackson-annotations-2.10.3.jar:/Users/ialtoubah/.m2/repository/com/fasterxml/jackson/core/jackson-core/2.10.3/jackson-core-2.10.3.jar:/Users/ialtoubah/.m2/repository/com/fasterxml/jackson/datatype/jackson-datatype-jdk8/2.10.3/jackson-datatype-jdk8-2.10.3.jar:/Users/ialtoubah/.m2/repository/com/fasterxml/jackson/datatype/jackson-datatype-jsr310/2.10.3/jackson-datatype-jsr310-2.10.3.jar:/Users/ialtoubah/.m2/repository/com/fasterxml/jackson/module/jackson-module-parameter-names/2.10.3/jackson-module-parameter-names-2.10.3.jar:/Users/ialtoubah/.m2/repository/org/springframework/boot/spring-boot-starter-tomcat/2.2.6.RELEASE/spring-boot-starter-tomcat-2.2.6.RELEASE.jar:/Users/ialtoubah/.m2/repository/org/apache/tomcat/embed/tomcat-embed-core/9.0.33/tomcat-embed-core-9.0.33.jar:/Users/ialtoubah/.m2/repository/org/apache/tomcat/embed/tomcat-embed-el/9.0.33/tomcat-embed-el-9.0.33.jar:/Users/ialtoubah/.m2/repository/org/apache/tomcat/embed/tomcat-embed-websocket/9.0.33/tomcat-embed-websocket-9.0.33.jar:/Users/ialtoubah/.m2/repository/org/springframework/boot/spring-boot-starter-validation/2.2.6.RELEASE/spring-boot-starter-validation-2.2.6.RELEASE.jar:/Users/ialtoubah/.m2/repository/jakarta/validation/jakarta.validation-api/2.0.2/jakarta.validation-api-2.0.2.jar:/Users/ialtoubah/.m2/repository/org/hibernate/validator/hibernate-validator/6.0.18.Final/hibernate-validator-6.0.18.Final.jar:/Users/ialtoubah/.m2/repository/org/springframework/spring-web/5.2.5.RELEASE/spring-web-5.2.5.RELEASE.jar:/Users/ialtoubah/.m2/repository/org/springframework/spring-webmvc/5.2.5.RELEASE/spring-webmvc-5.2.5.RELEASE.jar:/Users/ialtoubah/.m2/repository/org/springframework/boot/spring-boot-devtools/2.2.6.RELEASE/spring-boot-devtools-2.2.6.RELEASE.jar:/Users/ialtoubah/.m2/repository/org/springframework/boot/spring-boot/2.2.6.RELEASE/spring-boot-2.2.6.RELEASE.jar:/Users/ialtoubah/.m2/repository/org/springframework/boot/spring-boot-autoconfigure/2.2.6.RELEASE/spring-boot-autoconfigure-2.2.6.RELEASE.jar:/Users/ialtoubah/.m2/repository/org/springframework/boot/spring-boot-starter-test/2.2.6.RELEASE/spring-boot-starter-test-2.2.6.RELEASE.jar:/Users/ialtoubah/.m2/repository/org/springframework/boot/spring-boot-test/2.2.6.RELEASE/spring-boot-test-2.2.6.RELEASE.jar:/Users/ialtoubah/.m2/repository/org/springframework/boot/spring-boot-test-autoconfigure/2.2.6.RELEASE/spring-boot-test-autoconfigure-2.2.6.RELEASE.jar:/Users/ialtoubah/.m2/repository/com/jayway/jsonpath/json-path/2.4.0/json-path-2.4.0.jar:/Users/ialtoubah/.m2/repository/net/minidev/json-smart/2.3/json-smart-2.3.jar:/Users/ialtoubah/.m2/repository/net/minidev/accessors-smart/1.2/accessors-smart-1.2.jar:/Users/ialtoubah/.m2/repository/org/ow2/asm/asm/5.0.4/asm-5.0.4.jar:/Users/ialtoubah/.m2/repository/jakarta/xml/bind/jakarta.xml.bind-api/2.3.3/jakarta.xml.bind-api-2.3.3.jar:/Users/ialtoubah/.m2/repository/org/junit/jupiter/junit-jupiter/5.5.2/junit-jupiter-5.5.2.jar:/Users/ialtoubah/.m2/repository/org/junit/jupiter/junit-jupiter-params/5.5.2/junit-jupiter-params-5.5.2.jar:/Users/ialtoubah/.m2/repository/org/mockito/mockito-junit-jupiter/3.1.0/mockito-junit-jupiter-3.1.0.jar:/Users/ialtoubah/.m2/repository/org/assertj/assertj-core/3.13.2/assertj-core-3.13.2.jar:/Users/ialtoubah/.m2/repository/org/hamcrest/hamcrest/2.1/hamcrest-2.1.jar:/Users/ialtoubah/.m2/repository/org/mockito/mockito-core/3.1.0/mockito-core-3.1.0.jar:/Users/ialtoubah/.m2/repository/net/bytebuddy/byte-buddy/1.10.8/byte-buddy-1.10.8.jar:/Users/ialtoubah/.m2/repository/net/bytebuddy/byte-buddy-agent/1.10.8/byte-buddy-agent-1.10.8.jar:/Users/ialtoubah/.m2/repository/org/objenesis/objenesis/2.6/objenesis-2.6.jar:/Users/ialtoubah/.m2/repository/org/skyscreamer/jsonassert/1.5.0/jsonassert-1.5.0.jar:/Users/ialtoubah/.m2/repository/com/vaadin/external/google/android-json/0.0.20131108.vaadin1/android-json-0.0.20131108.vaadin1.jar:/Users/ialtoubah/.m2/repository/org/springframework/spring-core/5.2.5.RELEASE/spring-core-5.2.5.RELEASE.jar:/Users/ialtoubah/.m2/repository/org/springframework/spring-jcl/5.2.5.RELEASE/spring-jcl-5.2.5.RELEASE.jar:/Users/ialtoubah/.m2/repository/org/springframework/spring-test/5.2.5.RELEASE/spring-test-5.2.5.RELEASE.jar:/Users/ialtoubah/.m2/repository/org/xmlunit/xmlunit-core/2.6.4/xmlunit-core-2.6.4.jar:/Users/ialtoubah/.m2/repository/mysql/mysql-connector-java/8.0.19/mysql-connector-java-8.0.19.jar:/Users/ialtoubah/.m2/repository/org/springframework/boot/spring-boot-starter-data-jpa/2.2.6.RELEASE/spring-boot-starter-data-jpa-2.2.6.RELEASE.jar:/Users/ialtoubah/.m2/repository/org/springframework/boot/spring-boot-starter-aop/2.2.6.RELEASE/spring-boot-starter-aop-2.2.6.RELEASE.jar:/Users/ialtoubah/.m2/repository/org/aspectj/aspectjweaver/1.9.5/aspectjweaver-1.9.5.jar:/Users/ialtoubah/.m2/repository/org/springframework/boot/spring-boot-starter-jdbc/2.2.6.RELEASE/spring-boot-starter-jdbc-2.2.6.RELEASE.jar:/Users/ialtoubah/.m2/repository/com/zaxxer/HikariCP/3.4.2/HikariCP-3.4.2.jar:/Users/ialtoubah/.m2/repository/org/springframework/spring-jdbc/5.2.5.RELEASE/spring-jdbc-5.2.5.RELEASE.jar:/Users/ialtoubah/.m2/repository/jakarta/activation/jakarta.activation-api/1.2.2/jakarta.activation-api-1.2.2.jar:/Users/ialtoubah/.m2/repository/jakarta/persistence/jakarta.persistence-api/2.2.3/jakarta.persistence-api-2.2.3.jar:/Users/ialtoubah/.m2/repository/jakarta/transaction/jakarta.transaction-api/1.3.3/jakarta.transaction-api-1.3.3.jar:/Users/ialtoubah/.m2/repository/org/hibernate/hibernate-core/5.4.12.Final/hibernate-core-5.4.12.Final.jar:/Users/ialtoubah/.m2/repository/org/jboss/logging/jboss-logging/3.4.1.Final/jboss-logging-3.4.1.Final.jar:/Users/ialtoubah/.m2/repository/org/javassist/javassist/3.24.0-GA/javassist-3.24.0-GA.jar:/Users/ialtoubah/.m2/repository/antlr/antlr/2.7.7/antlr-2.7.7.jar:/Users/ialtoubah/.m2/repository/org/jboss/jandex/2.1.1.Final/jandex-2.1.1.Final.jar:/Users/ialtoubah/.m2/repository/com/fasterxml/classmate/1.5.1/classmate-1.5.1.jar:/Users/ialtoubah/.m2/repository/org/dom4j/dom4j/2.1.1/dom4j-2.1.1.jar:/Users/ialtoubah/.m2/repository/org/hibernate/common/hibernate-commons-annotations/5.1.0.Final/hibernate-commons-annotations-5.1.0.Final.jar:/Users/ialtoubah/.m2/repository/org/glassfish/jaxb/jaxb-runtime/2.3.2/jaxb-runtime-2.3.2.jar:/Users/ialtoubah/.m2/repository/org/glassfish/jaxb/txw2/2.3.2/txw2-2.3.2.jar:/Users/ialtoubah/.m2/repository/com/sun/istack/istack-commons-runtime/3.0.8/istack-commons-runtime-3.0.8.jar:/Users/ialtoubah/.m2/repository/org/jvnet/staxex/stax-ex/1.8.1/stax-ex-1.8.1.jar:/Users/ialtoubah/.m2/repository/com/sun/xml/fastinfoset/FastInfoset/1.2.16/FastInfoset-1.2.16.jar:/Users/ialtoubah/.m2/repository/org/springframework/data/spring-data-jpa/2.2.6.RELEASE/spring-data-jpa-2.2.6.RELEASE.jar:/Users/ialtoubah/.m2/repository/org/springframework/data/spring-data-commons/2.2.6.RELEASE/spring-data-commons-2.2.6.RELEASE.jar:/Users/ialtoubah/.m2/repository/org/springframework/spring-orm/5.2.5.RELEASE/spring-orm-5.2.5.RELEASE.jar:/Users/ialtoubah/.m2/repository/org/springframework/spring-tx/5.2.5.RELEASE/spring-tx-5.2.5.RELEASE.jar:/Users/ialtoubah/.m2/repository/org/springframework/spring-aspects/5.2.5.RELEASE/spring-aspects-5.2.5.RELEASE.jar:/Users/ialtoubah/.m2/repository/org/springframework/security/spring-security-crypto/5.2.2.RELEASE/spring-security-crypto-5.2.2.RELEASE.jar:/Users/ialtoubah/.m2/repository/org/springframework/security/spring-security-core/5.2.2.RELEASE/spring-security-core-5.2.2.RELEASE.jar:/Users/ialtoubah/.m2/repository/org/springframework/spring-aop/5.2.5.RELEASE/spring-aop-5.2.5.RELEASE.jar:/Users/ialtoubah/.m2/repository/org/springframework/spring-beans/5.2.5.RELEASE/spring-beans-5.2.5.RELEASE.jar:/Users/ialtoubah/.m2/repository/org/springframework/spring-context/5.2.5.RELEASE/spring-context-5.2.5.RELEASE.jar:/Users/ialtoubah/.m2/repository/org/springframework/spring-expression/5.2.5.RELEASE/spring-expression-5.2.5.RELEASE.jar:/Users/ialtoubah/.m2/repository/org/projectlombok/lombok/1.18.12/lombok-1.18.12.jar:/Users/ialtoubah/.m2/repository/org/junit/jupiter/junit-jupiter-engine/5.5.2/junit-jupiter-engine-5.5.2.jar:/Users/ialtoubah/.m2/repository/org/apiguardian/apiguardian-api/1.1.0/apiguardian-api-1.1.0.jar:/Users/ialtoubah/.m2/repository/org/junit/platform/junit-platform-engine/1.5.2/junit-platform-engine-1.5.2.jar:/Users/ialtoubah/.m2/repository/org/opentest4j/opentest4j/1.2.0/opentest4j-1.2.0.jar:/Users/ialtoubah/.m2/repository/org/junit/platform/junit-platform-commons/1.5.2/junit-platform-commons-1.5.2.jar:/Users/ialtoubah/.m2/repository/org/junit/jupiter/junit-jupiter-api/5.5.2/junit-jupiter-api-5.5.2.jar:/Users/ialtoubah/.m2/repository/org/mockito/mockito-all/2.0.2-beta/mockito-all-2.0.2-beta.jar:"/>
    <property name="java.vm.vendor" value="JetBrains s.r.o"/>
    <property name="sun.arch.data.model" value="64"/>
    <property name="java.vendor.url" value="https://www.jetbrains.com/"/>
    <property name="user.timezone" value=""/>
    <property name="java.vm.specification.version" value="11"/>
    <property name="os.name" value="Mac OS X"/>
    <property name="sun.java.launcher" value="SUN_STANDARD"/>
    <property name="user.country" value="NL"/>
    <property name="sun.boot.library.path" value="/Applications/IntelliJ IDEA.app/Contents/jbr/Contents/Home/lib"/>
    <property name="sun.java.command" value="/Users/ialtoubah/Documents/coding-events/target/surefire/surefirebooter7466238772563974779.jar /Users/ialtoubah/Documents/coding-events/target/surefire 2020-05-18T15-38-07_518-jvmRun1 surefire759215066632789563tmp surefire_017262931830221515311tmp"/>
    <property name="jdk.debug" value="release"/>
    <property name="surefire.test.class.path" value="/Users/ialtoubah/Documents/coding-events/target/test-classes:/Users/ialtoubah/Documents/coding-events/target/classes:/Users/ialtoubah/.m2/repository/org/springframework/boot/spring-boot-starter-thymeleaf/2.2.6.RELEASE/spring-boot-starter-thymeleaf-2.2.6.RELEASE.jar:/Users/ialtoubah/.m2/repository/org/springframework/boot/spring-boot-starter/2.2.6.RELEASE/spring-boot-starter-2.2.6.RELEASE.jar:/Users/ialtoubah/.m2/repository/org/springframework/boot/spring-boot-starter-logging/2.2.6.RELEASE/spring-boot-starter-logging-2.2.6.RELEASE.jar:/Users/ialtoubah/.m2/repository/ch/qos/logback/logback-classic/1.2.3/logback-classic-1.2.3.jar:/Users/ialtoubah/.m2/repository/ch/qos/logback/logback-core/1.2.3/logback-core-1.2.3.jar:/Users/ialtoubah/.m2/repository/org/apache/logging/log4j/log4j-to-slf4j/2.12.1/log4j-to-slf4j-2.12.1.jar:/Users/ialtoubah/.m2/repository/org/apache/logging/log4j/log4j-api/2.12.1/log4j-api-2.12.1.jar:/Users/ialtoubah/.m2/repository/org/slf4j/jul-to-slf4j/1.7.30/jul-to-slf4j-1.7.30.jar:/Users/ialtoubah/.m2/repository/jakarta/annotation/jakarta.annotation-api/1.3.5/jakarta.annotation-api-1.3.5.jar:/Users/ialtoubah/.m2/repository/org/yaml/snakeyaml/1.25/snakeyaml-1.25.jar:/Users/ialtoubah/.m2/repository/org/thymeleaf/thymeleaf-spring5/3.0.11.RELEASE/thymeleaf-spring5-3.0.11.RELEASE.jar:/Users/ialtoubah/.m2/repository/org/thymeleaf/thymeleaf/3.0.11.RELEASE/thymeleaf-3.0.11.RELEASE.jar:/Users/ialtoubah/.m2/repository/org/attoparser/attoparser/2.0.5.RELEASE/attoparser-2.0.5.RELEASE.jar:/Users/ialtoubah/.m2/repository/org/unbescape/unbescape/1.1.6.RELEASE/unbescape-1.1.6.RELEASE.jar:/Users/ialtoubah/.m2/repository/org/slf4j/slf4j-api/1.7.30/slf4j-api-1.7.30.jar:/Users/ialtoubah/.m2/repository/org/thymeleaf/extras/thymeleaf-extras-java8time/3.0.4.RELEASE/thymeleaf-extras-java8time-3.0.4.RELEASE.jar:/Users/ialtoubah/.m2/repository/org/springframework/boot/spring-boot-starter-web/2.2.6.RELEASE/spring-boot-starter-web-2.2.6.RELEASE.jar:/Users/ialtoubah/.m2/repository/org/springframework/boot/spring-boot-starter-json/2.2.6.RELEASE/spring-boot-starter-json-2.2.6.RELEASE.jar:/Users/ialtoubah/.m2/repository/com/fasterxml/jackson/core/jackson-databind/2.10.3/jackson-databind-2.10.3.jar:/Users/ialtoubah/.m2/repository/com/fasterxml/jackson/core/jackson-annotations/2.10.3/jackson-annotations-2.10.3.jar:/Users/ialtoubah/.m2/repository/com/fasterxml/jackson/core/jackson-core/2.10.3/jackson-core-2.10.3.jar:/Users/ialtoubah/.m2/repository/com/fasterxml/jackson/datatype/jackson-datatype-jdk8/2.10.3/jackson-datatype-jdk8-2.10.3.jar:/Users/ialtoubah/.m2/repository/com/fasterxml/jackson/datatype/jackson-datatype-jsr310/2.10.3/jackson-datatype-jsr310-2.10.3.jar:/Users/ialtoubah/.m2/repository/com/fasterxml/jackson/module/jackson-module-parameter-names/2.10.3/jackson-module-parameter-names-2.10.3.jar:/Users/ialtoubah/.m2/repository/org/springframework/boot/spring-boot-starter-tomcat/2.2.6.RELEASE/spring-boot-starter-tomcat-2.2.6.RELEASE.jar:/Users/ialtoubah/.m2/repository/org/apache/tomcat/embed/tomcat-embed-core/9.0.33/tomcat-embed-core-9.0.33.jar:/Users/ialtoubah/.m2/repository/org/apache/tomcat/embed/tomcat-embed-el/9.0.33/tomcat-embed-el-9.0.33.jar:/Users/ialtoubah/.m2/repository/org/apache/tomcat/embed/tomcat-embed-websocket/9.0.33/tomcat-embed-websocket-9.0.33.jar:/Users/ialtoubah/.m2/repository/org/springframework/boot/spring-boot-starter-validation/2.2.6.RELEASE/spring-boot-starter-validation-2.2.6.RELEASE.jar:/Users/ialtoubah/.m2/repository/jakarta/validation/jakarta.validation-api/2.0.2/jakarta.validation-api-2.0.2.jar:/Users/ialtoubah/.m2/repository/org/hibernate/validator/hibernate-validator/6.0.18.Final/hibernate-validator-6.0.18.Final.jar:/Users/ialtoubah/.m2/repository/org/springframework/spring-web/5.2.5.RELEASE/spring-web-5.2.5.RELEASE.jar:/Users/ialtoubah/.m2/repository/org/springframework/spring-webmvc/5.2.5.RELEASE/spring-webmvc-5.2.5.RELEASE.jar:/Users/ialtoubah/.m2/repository/org/springframework/boot/spring-boot-devtools/2.2.6.RELEASE/spring-boot-devtools-2.2.6.RELEASE.jar:/Users/ialtoubah/.m2/repository/org/springframework/boot/spring-boot/2.2.6.RELEASE/spring-boot-2.2.6.RELEASE.jar:/Users/ialtoubah/.m2/repository/org/springframework/boot/spring-boot-autoconfigure/2.2.6.RELEASE/spring-boot-autoconfigure-2.2.6.RELEASE.jar:/Users/ialtoubah/.m2/repository/org/springframework/boot/spring-boot-starter-test/2.2.6.RELEASE/spring-boot-starter-test-2.2.6.RELEASE.jar:/Users/ialtoubah/.m2/repository/org/springframework/boot/spring-boot-test/2.2.6.RELEASE/spring-boot-test-2.2.6.RELEASE.jar:/Users/ialtoubah/.m2/repository/org/springframework/boot/spring-boot-test-autoconfigure/2.2.6.RELEASE/spring-boot-test-autoconfigure-2.2.6.RELEASE.jar:/Users/ialtoubah/.m2/repository/com/jayway/jsonpath/json-path/2.4.0/json-path-2.4.0.jar:/Users/ialtoubah/.m2/repository/net/minidev/json-smart/2.3/json-smart-2.3.jar:/Users/ialtoubah/.m2/repository/net/minidev/accessors-smart/1.2/accessors-smart-1.2.jar:/Users/ialtoubah/.m2/repository/org/ow2/asm/asm/5.0.4/asm-5.0.4.jar:/Users/ialtoubah/.m2/repository/jakarta/xml/bind/jakarta.xml.bind-api/2.3.3/jakarta.xml.bind-api-2.3.3.jar:/Users/ialtoubah/.m2/repository/org/junit/jupiter/junit-jupiter/5.5.2/junit-jupiter-5.5.2.jar:/Users/ialtoubah/.m2/repository/org/junit/jupiter/junit-jupiter-params/5.5.2/junit-jupiter-params-5.5.2.jar:/Users/ialtoubah/.m2/repository/org/mockito/mockito-junit-jupiter/3.1.0/mockito-junit-jupiter-3.1.0.jar:/Users/ialtoubah/.m2/repository/org/assertj/assertj-core/3.13.2/assertj-core-3.13.2.jar:/Users/ialtoubah/.m2/repository/org/hamcrest/hamcrest/2.1/hamcrest-2.1.jar:/Users/ialtoubah/.m2/repository/org/mockito/mockito-core/3.1.0/mockito-core-3.1.0.jar:/Users/ialtoubah/.m2/repository/net/bytebuddy/byte-buddy/1.10.8/byte-buddy-1.10.8.jar:/Users/ialtoubah/.m2/repository/net/bytebuddy/byte-buddy-agent/1.10.8/byte-buddy-agent-1.10.8.jar:/Users/ialtoubah/.m2/repository/org/objenesis/objenesis/2.6/objenesis-2.6.jar:/Users/ialtoubah/.m2/repository/org/skyscreamer/jsonassert/1.5.0/jsonassert-1.5.0.jar:/Users/ialtoubah/.m2/repository/com/vaadin/external/google/android-json/0.0.20131108.vaadin1/android-json-0.0.20131108.vaadin1.jar:/Users/ialtoubah/.m2/repository/org/springframework/spring-core/5.2.5.RELEASE/spring-core-5.2.5.RELEASE.jar:/Users/ialtoubah/.m2/repository/org/springframework/spring-jcl/5.2.5.RELEASE/spring-jcl-5.2.5.RELEASE.jar:/Users/ialtoubah/.m2/repository/org/springframework/spring-test/5.2.5.RELEASE/spring-test-5.2.5.RELEASE.jar:/Users/ialtoubah/.m2/repository/org/xmlunit/xmlunit-core/2.6.4/xmlunit-core-2.6.4.jar:/Users/ialtoubah/.m2/repository/mysql/mysql-connector-java/8.0.19/mysql-connector-java-8.0.19.jar:/Users/ialtoubah/.m2/repository/org/springframework/boot/spring-boot-starter-data-jpa/2.2.6.RELEASE/spring-boot-starter-data-jpa-2.2.6.RELEASE.jar:/Users/ialtoubah/.m2/repository/org/springframework/boot/spring-boot-starter-aop/2.2.6.RELEASE/spring-boot-starter-aop-2.2.6.RELEASE.jar:/Users/ialtoubah/.m2/repository/org/aspectj/aspectjweaver/1.9.5/aspectjweaver-1.9.5.jar:/Users/ialtoubah/.m2/repository/org/springframework/boot/spring-boot-starter-jdbc/2.2.6.RELEASE/spring-boot-starter-jdbc-2.2.6.RELEASE.jar:/Users/ialtoubah/.m2/repository/com/zaxxer/HikariCP/3.4.2/HikariCP-3.4.2.jar:/Users/ialtoubah/.m2/repository/org/springframework/spring-jdbc/5.2.5.RELEASE/spring-jdbc-5.2.5.RELEASE.jar:/Users/ialtoubah/.m2/repository/jakarta/activation/jakarta.activation-api/1.2.2/jakarta.activation-api-1.2.2.jar:/Users/ialtoubah/.m2/repository/jakarta/persistence/jakarta.persistence-api/2.2.3/jakarta.persistence-api-2.2.3.jar:/Users/ialtoubah/.m2/repository/jakarta/transaction/jakarta.transaction-api/1.3.3/jakarta.transaction-api-1.3.3.jar:/Users/ialtoubah/.m2/repository/org/hibernate/hibernate-core/5.4.12.Final/hibernate-core-5.4.12.Final.jar:/Users/ialtoubah/.m2/repository/org/jboss/logging/jboss-logging/3.4.1.Final/jboss-logging-3.4.1.Final.jar:/Users/ialtoubah/.m2/repository/org/javassist/javassist/3.24.0-GA/javassist-3.24.0-GA.jar:/Users/ialtoubah/.m2/repository/antlr/antlr/2.7.7/antlr-2.7.7.jar:/Users/ialtoubah/.m2/repository/org/jboss/jandex/2.1.1.Final/jandex-2.1.1.Final.jar:/Users/ialtoubah/.m2/repository/com/fasterxml/classmate/1.5.1/classmate-1.5.1.jar:/Users/ialtoubah/.m2/repository/org/dom4j/dom4j/2.1.1/dom4j-2.1.1.jar:/Users/ialtoubah/.m2/repository/org/hibernate/common/hibernate-commons-annotations/5.1.0.Final/hibernate-commons-annotations-5.1.0.Final.jar:/Users/ialtoubah/.m2/repository/org/glassfish/jaxb/jaxb-runtime/2.3.2/jaxb-runtime-2.3.2.jar:/Users/ialtoubah/.m2/repository/org/glassfish/jaxb/txw2/2.3.2/txw2-2.3.2.jar:/Users/ialtoubah/.m2/repository/com/sun/istack/istack-commons-runtime/3.0.8/istack-commons-runtime-3.0.8.jar:/Users/ialtoubah/.m2/repository/org/jvnet/staxex/stax-ex/1.8.1/stax-ex-1.8.1.jar:/Users/ialtoubah/.m2/repository/com/sun/xml/fastinfoset/FastInfoset/1.2.16/FastInfoset-1.2.16.jar:/Users/ialtoubah/.m2/repository/org/springframework/data/spring-data-jpa/2.2.6.RELEASE/spring-data-jpa-2.2.6.RELEASE.jar:/Users/ialtoubah/.m2/repository/org/springframework/data/spring-data-commons/2.2.6.RELEASE/spring-data-commons-2.2.6.RELEASE.jar:/Users/ialtoubah/.m2/repository/org/springframework/spring-orm/5.2.5.RELEASE/spring-orm-5.2.5.RELEASE.jar:/Users/ialtoubah/.m2/repository/org/springframework/spring-tx/5.2.5.RELEASE/spring-tx-5.2.5.RELEASE.jar:/Users/ialtoubah/.m2/repository/org/springframework/spring-aspects/5.2.5.RELEASE/spring-aspects-5.2.5.RELEASE.jar:/Users/ialtoubah/.m2/repository/org/springframework/security/spring-security-crypto/5.2.2.RELEASE/spring-security-crypto-5.2.2.RELEASE.jar:/Users/ialtoubah/.m2/repository/org/springframework/security/spring-security-core/5.2.2.RELEASE/spring-security-core-5.2.2.RELEASE.jar:/Users/ialtoubah/.m2/repository/org/springframework/spring-aop/5.2.5.RELEASE/spring-aop-5.2.5.RELEASE.jar:/Users/ialtoubah/.m2/repository/org/springframework/spring-beans/5.2.5.RELEASE/spring-beans-5.2.5.RELEASE.jar:/Users/ialtoubah/.m2/repository/org/springframework/spring-context/5.2.5.RELEASE/spring-context-5.2.5.RELEASE.jar:/Users/ialtoubah/.m2/repository/org/springframework/spring-expression/5.2.5.RELEASE/spring-expression-5.2.5.RELEASE.jar:/Users/ialtoubah/.m2/repository/org/projectlombok/lombok/1.18.12/lombok-1.18.12.jar:/Users/ialtoubah/.m2/repository/org/junit/jupiter/junit-jupiter-engine/5.5.2/junit-jupiter-engine-5.5.2.jar:/Users/ialtoubah/.m2/repository/org/apiguardian/apiguardian-api/1.1.0/apiguardian-api-1.1.0.jar:/Users/ialtoubah/.m2/repository/org/junit/platform/junit-platform-engine/1.5.2/junit-platform-engine-1.5.2.jar:/Users/ialtoubah/.m2/repository/org/opentest4j/opentest4j/1.2.0/opentest4j-1.2.0.jar:/Users/ialtoubah/.m2/repository/org/junit/platform/junit-platform-commons/1.5.2/junit-platform-commons-1.5.2.jar:/Users/ialtoubah/.m2/repository/org/junit/jupiter/junit-jupiter-api/5.5.2/junit-jupiter-api-5.5.2.jar:/Users/ialtoubah/.m2/repository/org/mockito/mockito-all/2.0.2-beta/mockito-all-2.0.2-beta.jar:"/>
    <property name="sun.cpu.endian" value="little"/>
    <property name="user.home" value="/Users/ialtoubah"/>
    <property name="user.language" value="en"/>
    <property name="java.specification.vendor" value="Oracle Corporation"/>
    <property name="java.version.date" value="2020-01-14"/>
    <property name="java.home" value="/Applications/IntelliJ IDEA.app/Contents/jbr/Contents/Home"/>
    <property name="file.separator" value="/"/>
    <property name="basedir" value="/Users/ialtoubah/Documents/coding-events"/>
    <property name="java.vm.compressedOopsMode" value="Zero based"/>
    <property name="line.separator" value="&#10;"/>
    <property name="java.specification.name" value="Java Platform API Specification"/>
    <property name="java.vm.specification.vendor" value="Oracle Corporation"/>
    <property name="java.awt.graphicsenv" value="sun.awt.CGraphicsEnvironment"/>
    <property name="surefire.real.class.path" value="/Users/ialtoubah/Documents/coding-events/target/surefire/surefirebooter7466238772563974779.jar"/>
    <property name="sun.management.compiler" value="HotSpot 64-Bit Tiered Compilers"/>
    <property name="java.runtime.version" value="11.0.6+8-b765.25"/>
    <property name="user.name" value="ialtoubah"/>
    <property name="path.separator" value=":"/>
    <property name="os.version" value="10.15.4"/>
    <property name="java.runtime.name" value="OpenJDK Runtime Environment"/>
    <property name="file.encoding" value="US-ASCII"/>
    <property name="java.vm.name" value="OpenJDK 64-Bit Server VM"/>
    <property name="idea.version2020.1" value="true"/>
    <property name="localRepository" value="/Users/ialtoubah/.m2/repository"/>
    <property name="java.vendor.url.bug" value="https://youtrack.jetbrains.com"/>
    <property name="java.io.tmpdir" value="/var/folders/c5/j9rpy1kd0111d6q08nz5yq9r0000gn/T/"/>
    <property name="java.version" value="11.0.6"/>
    <property name="user.dir" value="/Users/ialtoubah/Documents/coding-events"/>
    <property name="os.arch" value="x86_64"/>
    <property name="java.vm.specification.name" value="Java Virtual Machine Specification"/>
    <property name="java.awt.printerjob" value="sun.lwawt.macosx.CPrinterJob"/>
    <property name="sun.os.patch.level" value="unknown"/>
    <property name="java.library.path" value="/Users/ialtoubah/Library/Java/Extensions:/Library/Java/Extensions:/Network/Library/Java/Extensions:/System/Library/Java/Extensions:/usr/lib/java:."/>
    <property name="java.vendor" value="JetBrains s.r.o"/>
    <property name="java.vm.info" value="mixed mode"/>
    <property name="java.vm.version" value="11.0.6+8-b765.25"/>
    <property name="sun.io.unicode.encoding" value="UnicodeBig"/>
    <property name="java.class.version" value="55.0"/>
  </properties>
  <testcase name="displayAddTagForm" classname="com.mobiquity.codingevents.controllers.EventControllerTest" time="0.136"/>
  <testcase name="displayEventDetails" classname="com.mobiquity.codingevents.controllers.EventControllerTest" time="0.056">
    <failure message="Status expected:&lt;200&gt; but was:&lt;400&gt;" type="java.lang.AssertionError"><![CDATA[java.lang.AssertionError: Status expected:<200> but was:<400>
	at com.mobiquity.codingevents.controllers.EventControllerTest.displayEventDetails(EventControllerTest.java:112)
]]></failure>
    <system-out><![CDATA[2020-05-18 15:38:12.982  INFO 93559 --- [           main] o.s.mock.web.MockServletContext          : Initializing Spring TestDispatcherServlet ''
2020-05-18 15:38:12.982  INFO 93559 --- [           main] o.s.t.web.servlet.TestDispatcherServlet  : Initializing Servlet ''
2020-05-18 15:38:12.982  INFO 93559 --- [           main] o.s.t.web.servlet.TestDispatcherServlet  : Completed initialization in 0 ms
2020-05-18 15:38:13.019  WARN 93559 --- [           main] .w.s.m.s.DefaultHandlerExceptionResolver : Resolved [org.springframework.web.bind.MissingServletRequestParameterException: Required Integer parameter 'eventId' is not present]
]]></system-out>
  </testcase>
  <testcase name="processDeleteEventsForm" classname="com.mobiquity.codingevents.controllers.EventControllerTest" time="0.025"/>
  <testcase name="displayDeleteEventForm" classname="com.mobiquity.codingevents.controllers.EventControllerTest" time="0.026"/>
  <testcase name="processCreateEventForm" classname="com.mobiquity.codingevents.controllers.EventControllerTest" time="0.097">
    <error message="&#10;Unnecessary stubbings detected.&#10;Clean &amp; maintainable test code requires zero unnecessary code.&#10;Following stubbings are unnecessary (click to navigate to relevant line of code):&#10;  1. -&gt; at com.mobiquity.codingevents.controllers.EventControllerTest.processCreateEventForm(EventControllerTest.java:79)&#10;Please remove unnecessary stubbings or use &apos;lenient&apos; strictness. More info: javadoc for UnnecessaryStubbingException class." type="org.mockito.exceptions.misusing.UnnecessaryStubbingException"><![CDATA[org.mockito.exceptions.misusing.UnnecessaryStubbingException: 

Unnecessary stubbings detected.
Clean & maintainable test code requires zero unnecessary code.
Following stubbings are unnecessary (click to navigate to relevant line of code):
  1. -> at com.mobiquity.codingevents.controllers.EventControllerTest.processCreateEventForm(EventControllerTest.java:79)
Please remove unnecessary stubbings or use 'lenient' strictness. More info: javadoc for UnnecessaryStubbingException class.
]]></error>
    <system-out><![CDATA[2020-05-18 15:38:13.098  INFO 93559 --- [           main] o.s.mock.web.MockServletContext          : Initializing Spring TestDispatcherServlet ''
2020-05-18 15:38:13.099  INFO 93559 --- [           main] o.s.t.web.servlet.TestDispatcherServlet  : Initializing Servlet ''
2020-05-18 15:38:13.099  INFO 93559 --- [           main] o.s.t.web.servlet.TestDispatcherServlet  : Completed initialization in 0 ms
]]></system-out>
  </testcase>
  <testcase name="processAddTagForm" classname="com.mobiquity.codingevents.controllers.EventControllerTest" time="0.013"/>
  <testcase name="displayCreateEventForm" classname="com.mobiquity.codingevents.controllers.EventControllerTest" time="0.011"/>
  <testcase name="displayEvents" classname="com.mobiquity.codingevents.controllers.EventControllerTest" time="0.018"/>
</testsuite>